<?xml version="1.0" encoding="UTF-8"?>
<!-- Generated by org.testng.reporters.JUnitReportReporter -->
<testsuite hostname="Meenulaptop" failures="0" tests="1" name="com.SimpleRequests.API.UpdateRepo" time="1.790" errors="0" timestamp="2024-03-20T19:53:31 MDT" skipped="0">
  <testcase classname="com.SimpleRequests.API.UpdateRepo" name="UpdateRepo" time="1.790"/>
  <system-out/>
</testsuite> <!-- com.SimpleRequests.API.UpdateRepo -->
