<?xml version="1.0" encoding="UTF-8"?>
<!-- Generated by org.testng.reporters.JUnitReportReporter -->
<testsuite hostname="Meenulaptop" failures="0" tests="1" name="com.SimpleRequests.API.CreateRepo" time="2.310" errors="0" timestamp="2024-03-20T20:01:32 MDT" skipped="0">
  <testcase classname="com.SimpleRequests.API.CreateRepo" name="createRepo" time="2.310"/>
  <system-out/>
</testsuite> <!-- com.SimpleRequests.API.CreateRepo -->
