<?xml version="1.0" encoding="UTF-8"?>
<!-- Generated by org.testng.reporters.JUnitReportReporter -->
<testsuite hostname="Meenulaptop" failures="0" tests="1" name="com.GitHub.API.GetRepo" time="1.872" errors="0" timestamp="2024-03-21T08:44:04 MDT" skipped="0">
  <testcase classname="com.GitHub.API.GetRepo" name="getAllRepos" time="1.872"/>
  <system-out/>
</testsuite> <!-- com.GitHub.API.GetRepo -->
