<?xml version="1.0" encoding="UTF-8"?>
<!-- Generated by org.testng.reporters.JUnitReportReporter -->
<testsuite hostname="Meenulaptop" failures="0" tests="4" name="com.testNg.testing.testTestNgTestOne" time="0.011" errors="0" timestamp="2024-02-08T20:27:36 MST" skipped="0">
  <testcase classname="com.testNg.testing.testTestNgTestOne" name="loginFirst" time="0.001"/>
  <system-out/>
  <testcase classname="com.testNg.testing.testTestNgTestOne" name="loginFireBase" time="0.010"/>
  <system-out/>
  <testcase classname="com.testNg.testing.testTestNgTestOne" name="loginFirst" time="0.000"/>
  <system-out/>
  <testcase classname="com.testNg.testing.testTestNgTestOne" name="loginFireBase" time="0.000"/>
  <system-out/>
</testsuite> <!-- com.testNg.testing.testTestNgTestOne -->
