<?xml version="1.0" encoding="UTF-8"?>
<!-- Generated by org.testng.reporters.JUnitReportReporter -->
<testsuite hostname="Meenulaptop" failures="0" tests="1" name="com.SimpleRequests.API.LoginRequest" time="1.819" errors="0" timestamp="2024-03-20T16:39:54 MDT" skipped="0">
  <testcase classname="com.SimpleRequests.API.LoginRequest" name="loginToTekarch" time="1.819"/>
  <system-out/>
</testsuite> <!-- com.SimpleRequests.API.LoginRequest -->
