<?xml version="1.0" encoding="UTF-8"?>
<!-- Generated by org.testng.reporters.JUnitReportReporter -->
<testsuite hostname="Meenulaptop" failures="0" tests="1" name="com.SimpleRequests.API.deleteRepo" time="1.478" errors="0" timestamp="2024-03-20T20:05:53 MDT" skipped="0">
  <testcase classname="com.SimpleRequests.API.deleteRepo" name="deleteNonExistingRepo" time="1.478"/>
  <system-out/>
</testsuite> <!-- com.SimpleRequests.API.deleteRepo -->
