<?xml version="1.0" encoding="UTF-8"?>
<!-- Generated by org.testng.reporters.JUnitReportReporter -->
<testsuite hostname="Meenulaptop" failures="0" tests="2" name="com.testNg.testing.TestNGTwo" time="0.002" errors="0" timestamp="2024-02-08T20:27:36 MST" skipped="0">
  <testcase classname="com.testNg.testing.TestNGTwo" name="loginTest" time="0.001"/>
  <system-out/>
  <testcase classname="com.testNg.testing.TestNGTwo" name="loginTest" time="0.001"/>
  <system-out/>
</testsuite> <!-- com.testNg.testing.TestNGTwo -->
